<?xml version="1.0" encoding="UTF-8"?>
<!-- Generated by org.testng.reporters.JUnitReportReporter -->
<testsuite hostname="MacBook.local" failures="0" tests="5" name="SystemTest" time="0.233" errors="0" timestamp="2021-09-14T15:01:13 MSK" skipped="0">
  <testcase classname="SystemTest" name="checkHuman" time="0.001"/>
  <system-out/>
  <testcase classname="SystemTest" name="errorTest" time="0.063"/>
  <system-out/>
  <testcase classname="SystemTest" name="error3Test" time="0.056"/>
  <system-out/>
  <testcase classname="SystemTest" name="error2Test" time="0.054"/>
  <system-out/>
  <testcase classname="SystemTest" name="error4Test" time="0.059"/>
  <system-out/>
</testsuite> <!-- SystemTest -->
